19:06:13.341 [main] INFO  cz.ivantichy.supersimple.restapi.config.ScriptConfigReader - Going to read config file config.conf
19:06:13.384 [main] DEBUG cz.ivantichy.supersimple.restapi.config.ScriptConfigReader - Ingoring line #POST /test TEXT echo a:string b:string c:string
19:06:13.386 [main] DEBUG cz.ivantichy.supersimple.restapi.config.ScriptConfigReader - Config line POST /test TEXT /etc/openvpn/{path}/echo.sh a:string b:string c:string subvpn_name:string subvpn_type:string
19:06:13.387 [main] INFO  cz.ivantichy.supersimple.restapi.config.ScriptConfigReader - Parsing line POST /test TEXT /etc/openvpn/{path}/echo.sh a:string b:string c:string subvpn_name:string subvpn_type:string
19:06:13.401 [main] DEBUG cz.ivantichy.supersimple.restapi.config.ScriptConfigReader - Parameter a:string
19:06:13.402 [main] DEBUG cz.ivantichy.supersimple.restapi.config.ScriptConfigReader - Parameter to put a string
19:06:13.403 [main] DEBUG cz.ivantichy.supersimple.restapi.config.ScriptConfigReader - Parameter b:string
19:06:13.403 [main] DEBUG cz.ivantichy.supersimple.restapi.config.ScriptConfigReader - Parameter to put b string
19:06:13.404 [main] DEBUG cz.ivantichy.supersimple.restapi.config.ScriptConfigReader - Parameter c:string
19:06:13.408 [main] DEBUG cz.ivantichy.supersimple.restapi.config.ScriptConfigReader - Parameter to put c string
19:06:13.411 [main] DEBUG cz.ivantichy.supersimple.restapi.config.ScriptConfigReader - Parameter subvpn_name:string
19:06:13.411 [main] DEBUG cz.ivantichy.supersimple.restapi.config.ScriptConfigReader - Parameter to put subvpn_name string
19:06:13.411 [main] DEBUG cz.ivantichy.supersimple.restapi.config.ScriptConfigReader - Parameter subvpn_type:string
19:06:13.411 [main] DEBUG cz.ivantichy.supersimple.restapi.config.ScriptConfigReader - Parameter to put subvpn_type string
19:06:13.412 [main] DEBUG cz.ivantichy.supersimple.restapi.config.ScriptConfigReader - Parsed config element ConfigElement [type=POST, url=/test, output=TEXT, script=/etc/openvpn/{path}/echo.sh, aruments={a=string, b=string, c=string, subvpn_name=string, subvpn_type=string}]
19:06:13.412 [main] INFO  cz.ivantichy.supersimple.restapi.config.ScriptConfigReader - Registering POST handler /test
19:06:13.412 [main] INFO  cz.ivantichy.supersimple.restapi.config.VPNAPIConfigReader - Creating VPN API Executor Handler
19:06:13.414 [main] DEBUG cz.ivantichy.supersimple.restapi.server.RequestParser - parseURL /test
19:06:13.424 [main] INFO  cz.ivantichy.supersimple.restapi.server.Server - Registering POST: /test
19:06:13.428 [main] DEBUG cz.ivantichy.supersimple.restapi.config.ScriptConfigReader - Config line PUT /createprofile JSON /etc/openvpn/{path}/cmds/createprofile.sh common_name:string ip_remote:ip_address ip_local:ip_address subvpn_name:safe_string subvpn_type:safe_string
19:06:13.429 [main] INFO  cz.ivantichy.supersimple.restapi.config.ScriptConfigReader - Parsing line PUT /createprofile JSON /etc/openvpn/{path}/cmds/createprofile.sh common_name:string ip_remote:ip_address ip_local:ip_address subvpn_name:safe_string subvpn_type:safe_string
19:06:13.429 [main] DEBUG cz.ivantichy.supersimple.restapi.config.ScriptConfigReader - Parameter common_name:string
19:06:13.431 [main] DEBUG cz.ivantichy.supersimple.restapi.config.ScriptConfigReader - Parameter to put common_name string
19:06:13.434 [main] DEBUG cz.ivantichy.supersimple.restapi.config.ScriptConfigReader - Parameter ip_remote:ip_address
19:06:13.438 [main] DEBUG cz.ivantichy.supersimple.restapi.config.ScriptConfigReader - Parameter to put ip_remote ip_address
19:06:13.439 [main] DEBUG cz.ivantichy.supersimple.restapi.config.ScriptConfigReader - Parameter ip_local:ip_address
19:06:13.439 [main] DEBUG cz.ivantichy.supersimple.restapi.config.ScriptConfigReader - Parameter to put ip_local ip_address
19:06:13.440 [main] DEBUG cz.ivantichy.supersimple.restapi.config.ScriptConfigReader - Parameter subvpn_name:safe_string
19:06:13.441 [main] DEBUG cz.ivantichy.supersimple.restapi.config.ScriptConfigReader - Parameter to put subvpn_name safe_string
19:06:13.445 [main] DEBUG cz.ivantichy.supersimple.restapi.config.ScriptConfigReader - Parameter subvpn_type:safe_string
19:06:13.445 [main] DEBUG cz.ivantichy.supersimple.restapi.config.ScriptConfigReader - Parameter to put subvpn_type safe_string
19:06:13.446 [main] DEBUG cz.ivantichy.supersimple.restapi.config.ScriptConfigReader - Parsed config element ConfigElement [type=PUT, url=/createprofile, output=JSON, script=/etc/openvpn/{path}/cmds/createprofile.sh, aruments={common_name=string, ip_remote=ip_address, ip_local=ip_address, subvpn_name=safe_string, subvpn_type=safe_string}]
19:06:13.447 [main] INFO  cz.ivantichy.supersimple.restapi.config.ScriptConfigReader - Registering PUT handler /createprofile
19:06:13.448 [main] INFO  cz.ivantichy.supersimple.restapi.config.VPNAPIConfigReader - Creating VPN API Executor Handler
19:06:13.449 [main] INFO  cz.ivantichy.supersimple.restapi.server.Server - Registering PUT: /createprofile
19:06:13.452 [main] DEBUG cz.ivantichy.supersimple.restapi.server.RequestParser - parseURL /createprofile
19:06:13.452 [main] DEBUG cz.ivantichy.supersimple.restapi.config.ScriptConfigReader - Config line DELETE /deleteprofile JSON /etc/openvpn/{path}/cmds/deleteprofile.sh common_name:string subvpn_name:safe_string subvpn_type:safe_string
19:06:13.453 [main] INFO  cz.ivantichy.supersimple.restapi.config.ScriptConfigReader - Parsing line DELETE /deleteprofile JSON /etc/openvpn/{path}/cmds/deleteprofile.sh common_name:string subvpn_name:safe_string subvpn_type:safe_string
19:06:13.459 [main] DEBUG cz.ivantichy.supersimple.restapi.config.ScriptConfigReader - Parameter common_name:string
19:06:13.462 [main] DEBUG cz.ivantichy.supersimple.restapi.config.ScriptConfigReader - Parameter to put common_name string
19:06:13.463 [main] DEBUG cz.ivantichy.supersimple.restapi.config.ScriptConfigReader - Parameter subvpn_name:safe_string
19:06:13.466 [main] DEBUG cz.ivantichy.supersimple.restapi.config.ScriptConfigReader - Parameter to put subvpn_name safe_string
19:06:13.467 [main] DEBUG cz.ivantichy.supersimple.restapi.config.ScriptConfigReader - Parameter subvpn_type:safe_string
19:06:13.469 [main] DEBUG cz.ivantichy.supersimple.restapi.config.ScriptConfigReader - Parameter to put subvpn_type safe_string
19:06:13.470 [main] DEBUG cz.ivantichy.supersimple.restapi.config.ScriptConfigReader - Parsed config element ConfigElement [type=DELETE, url=/deleteprofile, output=JSON, script=/etc/openvpn/{path}/cmds/deleteprofile.sh, aruments={common_name=string, subvpn_name=safe_string, subvpn_type=safe_string}]
19:06:13.470 [main] INFO  cz.ivantichy.supersimple.restapi.config.ScriptConfigReader - Registering DELETE handler /deleteprofile
19:06:13.470 [main] INFO  cz.ivantichy.supersimple.restapi.config.VPNAPIConfigReader - Creating VPN API Executor Handler
19:06:13.470 [main] DEBUG cz.ivantichy.supersimple.restapi.server.RequestParser - parseURL /deleteprofile
19:06:13.470 [main] INFO  cz.ivantichy.supersimple.restapi.server.Server - Registering DELETE: /deleteprofile
19:06:13.470 [main] DEBUG cz.ivantichy.supersimple.restapi.config.ScriptConfigReader - Config line POST /blockprofile JSON /etc/openvpn/{path}/cmds/blockprofile.sh common_name:string subvpn_name:safe_string subvpn_type:safe_string
19:06:13.471 [main] INFO  cz.ivantichy.supersimple.restapi.config.ScriptConfigReader - Parsing line POST /blockprofile JSON /etc/openvpn/{path}/cmds/blockprofile.sh common_name:string subvpn_name:safe_string subvpn_type:safe_string
19:06:13.472 [main] DEBUG cz.ivantichy.supersimple.restapi.config.ScriptConfigReader - Parameter common_name:string
19:06:13.473 [main] DEBUG cz.ivantichy.supersimple.restapi.config.ScriptConfigReader - Parameter to put common_name string
19:06:13.473 [main] DEBUG cz.ivantichy.supersimple.restapi.config.ScriptConfigReader - Parameter subvpn_name:safe_string
19:06:13.478 [main] DEBUG cz.ivantichy.supersimple.restapi.config.ScriptConfigReader - Parameter to put subvpn_name safe_string
19:06:13.479 [main] DEBUG cz.ivantichy.supersimple.restapi.config.ScriptConfigReader - Parameter subvpn_type:safe_string
19:06:13.482 [main] DEBUG cz.ivantichy.supersimple.restapi.config.ScriptConfigReader - Parameter to put subvpn_type safe_string
19:06:13.482 [main] DEBUG cz.ivantichy.supersimple.restapi.config.ScriptConfigReader - Parsed config element ConfigElement [type=POST, url=/blockprofile, output=JSON, script=/etc/openvpn/{path}/cmds/blockprofile.sh, aruments={common_name=string, subvpn_name=safe_string, subvpn_type=safe_string}]
19:06:13.482 [main] INFO  cz.ivantichy.supersimple.restapi.config.ScriptConfigReader - Registering POST handler /blockprofile
19:06:13.485 [main] INFO  cz.ivantichy.supersimple.restapi.config.VPNAPIConfigReader - Creating VPN API Executor Handler
19:06:13.485 [main] DEBUG cz.ivantichy.supersimple.restapi.server.RequestParser - parseURL /blockprofile
19:06:13.486 [main] INFO  cz.ivantichy.supersimple.restapi.server.Server - Registering POST: /blockprofile
19:06:13.486 [main] DEBUG cz.ivantichy.supersimple.restapi.config.ScriptConfigReader - Ingoring line 
19:06:13.486 [main] DEBUG cz.ivantichy.supersimple.restapi.config.ScriptConfigReader - Config line PUT /createalliance JSON /etc/openvpn/{path}/cmds/createalliance.sh subvpn_name1:safe_string subvpn_type1:safe_string subvpn_name2:safe_string subvpn_type2:safe_string ip_range1:ip_address ip_range2:ip_address
19:06:13.487 [main] INFO  cz.ivantichy.supersimple.restapi.config.ScriptConfigReader - Parsing line PUT /createalliance JSON /etc/openvpn/{path}/cmds/createalliance.sh subvpn_name1:safe_string subvpn_type1:safe_string subvpn_name2:safe_string subvpn_type2:safe_string ip_range1:ip_address ip_range2:ip_address
19:06:13.490 [main] DEBUG cz.ivantichy.supersimple.restapi.config.ScriptConfigReader - Parameter subvpn_name1:safe_string
19:06:13.490 [main] DEBUG cz.ivantichy.supersimple.restapi.config.ScriptConfigReader - Parameter to put subvpn_name1 safe_string
19:06:13.491 [main] DEBUG cz.ivantichy.supersimple.restapi.config.ScriptConfigReader - Parameter subvpn_type1:safe_string
19:06:13.492 [main] DEBUG cz.ivantichy.supersimple.restapi.config.ScriptConfigReader - Parameter to put subvpn_type1 safe_string
19:06:13.495 [main] DEBUG cz.ivantichy.supersimple.restapi.config.ScriptConfigReader - Parameter subvpn_name2:safe_string
19:06:13.495 [main] DEBUG cz.ivantichy.supersimple.restapi.config.ScriptConfigReader - Parameter to put subvpn_name2 safe_string
19:06:13.496 [main] DEBUG cz.ivantichy.supersimple.restapi.config.ScriptConfigReader - Parameter subvpn_type2:safe_string
19:06:13.497 [main] DEBUG cz.ivantichy.supersimple.restapi.config.ScriptConfigReader - Parameter to put subvpn_type2 safe_string
19:06:13.497 [main] DEBUG cz.ivantichy.supersimple.restapi.config.ScriptConfigReader - Parameter ip_range1:ip_address
19:06:13.498 [main] DEBUG cz.ivantichy.supersimple.restapi.config.ScriptConfigReader - Parameter to put ip_range1 ip_address
19:06:13.504 [main] DEBUG cz.ivantichy.supersimple.restapi.config.ScriptConfigReader - Parameter ip_range2:ip_address
19:06:13.504 [main] DEBUG cz.ivantichy.supersimple.restapi.config.ScriptConfigReader - Parameter to put ip_range2 ip_address
19:06:13.510 [main] DEBUG cz.ivantichy.supersimple.restapi.config.ScriptConfigReader - Parsed config element ConfigElement [type=PUT, url=/createalliance, output=JSON, script=/etc/openvpn/{path}/cmds/createalliance.sh, aruments={subvpn_name1=safe_string, subvpn_type1=safe_string, subvpn_name2=safe_string, subvpn_type2=safe_string, ip_range1=ip_address, ip_range2=ip_address}]
19:06:13.510 [main] INFO  cz.ivantichy.supersimple.restapi.config.ScriptConfigReader - Registering PUT handler /createalliance
19:06:13.511 [main] INFO  cz.ivantichy.supersimple.restapi.config.VPNAPIConfigReader - Creating VPN API Executor Handler
19:06:13.515 [main] INFO  cz.ivantichy.supersimple.restapi.server.Server - Registering PUT: /createalliance
19:06:13.515 [main] DEBUG cz.ivantichy.supersimple.restapi.server.RequestParser - parseURL /createalliance
19:06:13.516 [main] DEBUG cz.ivantichy.supersimple.restapi.config.ScriptConfigReader - Config line POST /blockalliance JSON /etc/openvpn/{path}/cmds/blockalliance.sh subvpn_name1:safe_string subvpn_type1:safe_string subvpn_name2:safe_string subvpn_type2:safe_string ip_range1:ip_address ip_range2:ip_address
19:06:13.518 [main] INFO  cz.ivantichy.supersimple.restapi.config.ScriptConfigReader - Parsing line POST /blockalliance JSON /etc/openvpn/{path}/cmds/blockalliance.sh subvpn_name1:safe_string subvpn_type1:safe_string subvpn_name2:safe_string subvpn_type2:safe_string ip_range1:ip_address ip_range2:ip_address
19:06:13.519 [main] DEBUG cz.ivantichy.supersimple.restapi.config.ScriptConfigReader - Parameter subvpn_name1:safe_string
19:06:13.519 [main] DEBUG cz.ivantichy.supersimple.restapi.config.ScriptConfigReader - Parameter to put subvpn_name1 safe_string
19:06:13.520 [main] DEBUG cz.ivantichy.supersimple.restapi.config.ScriptConfigReader - Parameter subvpn_type1:safe_string
19:06:13.520 [main] DEBUG cz.ivantichy.supersimple.restapi.config.ScriptConfigReader - Parameter to put subvpn_type1 safe_string
19:06:13.520 [main] DEBUG cz.ivantichy.supersimple.restapi.config.ScriptConfigReader - Parameter subvpn_name2:safe_string
19:06:13.520 [main] DEBUG cz.ivantichy.supersimple.restapi.config.ScriptConfigReader - Parameter to put subvpn_name2 safe_string
19:06:13.520 [main] DEBUG cz.ivantichy.supersimple.restapi.config.ScriptConfigReader - Parameter subvpn_type2:safe_string
19:06:13.521 [main] DEBUG cz.ivantichy.supersimple.restapi.config.ScriptConfigReader - Parameter to put subvpn_type2 safe_string
19:06:13.521 [main] DEBUG cz.ivantichy.supersimple.restapi.config.ScriptConfigReader - Parameter ip_range1:ip_address
19:06:13.521 [main] DEBUG cz.ivantichy.supersimple.restapi.config.ScriptConfigReader - Parameter to put ip_range1 ip_address
19:06:13.521 [main] DEBUG cz.ivantichy.supersimple.restapi.config.ScriptConfigReader - Parameter ip_range2:ip_address
19:06:13.521 [main] DEBUG cz.ivantichy.supersimple.restapi.config.ScriptConfigReader - Parameter to put ip_range2 ip_address
19:06:13.526 [main] DEBUG cz.ivantichy.supersimple.restapi.config.ScriptConfigReader - Parsed config element ConfigElement [type=POST, url=/blockalliance, output=JSON, script=/etc/openvpn/{path}/cmds/blockalliance.sh, aruments={subvpn_name1=safe_string, subvpn_type1=safe_string, subvpn_name2=safe_string, subvpn_type2=safe_string, ip_range1=ip_address, ip_range2=ip_address}]
19:06:13.526 [main] INFO  cz.ivantichy.supersimple.restapi.config.ScriptConfigReader - Registering POST handler /blockalliance
19:06:13.527 [main] INFO  cz.ivantichy.supersimple.restapi.config.VPNAPIConfigReader - Creating VPN API Executor Handler
19:06:13.535 [main] DEBUG cz.ivantichy.supersimple.restapi.server.RequestParser - parseURL /blockalliance
19:06:13.535 [main] INFO  cz.ivantichy.supersimple.restapi.server.Server - Registering POST: /blockalliance
19:06:13.535 [main] DEBUG cz.ivantichy.supersimple.restapi.config.ScriptConfigReader - Config line DELETE /deletealliance JSON /etc/openvpn/{path}/cmds/deletealliance.sh subvpn_name1:safe_string subvpn_type1:safe_string subvpn_name2:safe_string subvpn_type2:safe_string ip_range1:ip_address ip_range2:ip_address
19:06:13.535 [main] INFO  cz.ivantichy.supersimple.restapi.config.ScriptConfigReader - Parsing line DELETE /deletealliance JSON /etc/openvpn/{path}/cmds/deletealliance.sh subvpn_name1:safe_string subvpn_type1:safe_string subvpn_name2:safe_string subvpn_type2:safe_string ip_range1:ip_address ip_range2:ip_address
19:06:13.536 [main] DEBUG cz.ivantichy.supersimple.restapi.config.ScriptConfigReader - Parameter subvpn_name1:safe_string
19:06:13.541 [main] DEBUG cz.ivantichy.supersimple.restapi.config.ScriptConfigReader - Parameter to put subvpn_name1 safe_string
19:06:13.541 [main] DEBUG cz.ivantichy.supersimple.restapi.config.ScriptConfigReader - Parameter subvpn_type1:safe_string
19:06:13.541 [main] DEBUG cz.ivantichy.supersimple.restapi.config.ScriptConfigReader - Parameter to put subvpn_type1 safe_string
19:06:13.541 [main] DEBUG cz.ivantichy.supersimple.restapi.config.ScriptConfigReader - Parameter subvpn_name2:safe_string
19:06:13.542 [main] DEBUG cz.ivantichy.supersimple.restapi.config.ScriptConfigReader - Parameter to put subvpn_name2 safe_string
19:06:13.542 [main] DEBUG cz.ivantichy.supersimple.restapi.config.ScriptConfigReader - Parameter subvpn_type2:safe_string
19:06:13.547 [main] DEBUG cz.ivantichy.supersimple.restapi.config.ScriptConfigReader - Parameter to put subvpn_type2 safe_string
19:06:13.547 [main] DEBUG cz.ivantichy.supersimple.restapi.config.ScriptConfigReader - Parameter ip_range1:ip_address
19:06:13.547 [main] DEBUG cz.ivantichy.supersimple.restapi.config.ScriptConfigReader - Parameter to put ip_range1 ip_address
19:06:13.547 [main] DEBUG cz.ivantichy.supersimple.restapi.config.ScriptConfigReader - Parameter ip_range2:ip_address
19:06:13.547 [main] DEBUG cz.ivantichy.supersimple.restapi.config.ScriptConfigReader - Parameter to put ip_range2 ip_address
19:06:13.551 [main] DEBUG cz.ivantichy.supersimple.restapi.config.ScriptConfigReader - Parsed config element ConfigElement [type=DELETE, url=/deletealliance, output=JSON, script=/etc/openvpn/{path}/cmds/deletealliance.sh, aruments={subvpn_name1=safe_string, subvpn_type1=safe_string, subvpn_name2=safe_string, subvpn_type2=safe_string, ip_range1=ip_address, ip_range2=ip_address}]
19:06:13.554 [main] INFO  cz.ivantichy.supersimple.restapi.config.ScriptConfigReader - Registering DELETE handler /deletealliance
19:06:13.555 [main] INFO  cz.ivantichy.supersimple.restapi.config.VPNAPIConfigReader - Creating VPN API Executor Handler
19:06:13.555 [main] DEBUG cz.ivantichy.supersimple.restapi.server.RequestParser - parseURL /deletealliance
19:06:13.555 [main] INFO  cz.ivantichy.supersimple.restapi.server.Server - Registering DELETE: /deletealliance
19:06:13.555 [main] DEBUG cz.ivantichy.supersimple.restapi.config.ScriptConfigReader - Ingoring line 
19:06:13.555 [main] DEBUG cz.ivantichy.supersimple.restapi.config.ScriptConfigReader - Config line PUT /initsubvpn JSON /etc/openvpn/{path}/cmds/initsubvpn.sh subvpn_name:safe_string subvpn_type:safe_string server_conf_base64:base64_safe_string
19:06:13.555 [main] INFO  cz.ivantichy.supersimple.restapi.config.ScriptConfigReader - Parsing line PUT /initsubvpn JSON /etc/openvpn/{path}/cmds/initsubvpn.sh subvpn_name:safe_string subvpn_type:safe_string server_conf_base64:base64_safe_string
19:06:13.556 [main] DEBUG cz.ivantichy.supersimple.restapi.config.ScriptConfigReader - Parameter subvpn_name:safe_string
19:06:13.556 [main] DEBUG cz.ivantichy.supersimple.restapi.config.ScriptConfigReader - Parameter to put subvpn_name safe_string
19:06:13.556 [main] DEBUG cz.ivantichy.supersimple.restapi.config.ScriptConfigReader - Parameter subvpn_type:safe_string
19:06:13.557 [main] DEBUG cz.ivantichy.supersimple.restapi.config.ScriptConfigReader - Parameter to put subvpn_type safe_string
19:06:13.557 [main] DEBUG cz.ivantichy.supersimple.restapi.config.ScriptConfigReader - Parameter server_conf_base64:base64_safe_string
19:06:13.562 [main] DEBUG cz.ivantichy.supersimple.restapi.config.ScriptConfigReader - Parameter to put server_conf_base64 base64_safe_string
19:06:13.563 [main] DEBUG cz.ivantichy.supersimple.restapi.config.ScriptConfigReader - Parsed config element ConfigElement [type=PUT, url=/initsubvpn, output=JSON, script=/etc/openvpn/{path}/cmds/initsubvpn.sh, aruments={subvpn_name=safe_string, subvpn_type=safe_string, server_conf_base64=base64_safe_string}]
19:06:13.563 [main] INFO  cz.ivantichy.supersimple.restapi.config.ScriptConfigReader - Registering PUT handler /initsubvpn
19:06:13.563 [main] INFO  cz.ivantichy.supersimple.restapi.config.VPNAPIConfigReader - Creating VPN API Executor Handler
19:06:13.563 [main] INFO  cz.ivantichy.supersimple.restapi.server.Server - Registering PUT: /initsubvpn
19:06:13.566 [main] DEBUG cz.ivantichy.supersimple.restapi.server.RequestParser - parseURL /initsubvpn
19:06:13.567 [main] DEBUG cz.ivantichy.supersimple.restapi.config.ScriptConfigReader - Ingoring line 
19:06:13.567 [main] DEBUG cz.ivantichy.supersimple.restapi.config.ScriptConfigReader - Config line PUT /createsubvpn JSON /etc/openvpn/{path}/cmds/createsubvpn.sh subvpn_name:safe_string subvpn_type:safe_string ip_range:ip_address
19:06:13.567 [main] INFO  cz.ivantichy.supersimple.restapi.config.ScriptConfigReader - Parsing line PUT /createsubvpn JSON /etc/openvpn/{path}/cmds/createsubvpn.sh subvpn_name:safe_string subvpn_type:safe_string ip_range:ip_address
19:06:13.567 [main] DEBUG cz.ivantichy.supersimple.restapi.config.ScriptConfigReader - Parameter subvpn_name:safe_string
19:06:13.567 [main] DEBUG cz.ivantichy.supersimple.restapi.config.ScriptConfigReader - Parameter to put subvpn_name safe_string
19:06:13.570 [main] DEBUG cz.ivantichy.supersimple.restapi.config.ScriptConfigReader - Parameter subvpn_type:safe_string
19:06:13.571 [main] DEBUG cz.ivantichy.supersimple.restapi.config.ScriptConfigReader - Parameter to put subvpn_type safe_string
19:06:13.571 [main] DEBUG cz.ivantichy.supersimple.restapi.config.ScriptConfigReader - Parameter ip_range:ip_address
19:06:13.571 [main] DEBUG cz.ivantichy.supersimple.restapi.config.ScriptConfigReader - Parameter to put ip_range ip_address
19:06:13.571 [main] DEBUG cz.ivantichy.supersimple.restapi.config.ScriptConfigReader - Parsed config element ConfigElement [type=PUT, url=/createsubvpn, output=JSON, script=/etc/openvpn/{path}/cmds/createsubvpn.sh, aruments={subvpn_name=safe_string, subvpn_type=safe_string, ip_range=ip_address}]
19:06:13.571 [main] INFO  cz.ivantichy.supersimple.restapi.config.ScriptConfigReader - Registering PUT handler /createsubvpn
19:06:13.571 [main] INFO  cz.ivantichy.supersimple.restapi.config.VPNAPIConfigReader - Creating VPN API Executor Handler
19:06:13.572 [main] INFO  cz.ivantichy.supersimple.restapi.server.Server - Registering PUT: /createsubvpn
19:06:13.572 [main] DEBUG cz.ivantichy.supersimple.restapi.server.RequestParser - parseURL /createsubvpn
19:06:13.572 [main] DEBUG cz.ivantichy.supersimple.restapi.config.ScriptConfigReader - Config line POST /blocksubvpn JSON /etc/openvpn/{path}/cmds/blocksubvpn.sh subvpn_name:safe_string subvpn_type:safe_string ip_range:ip_address
19:06:13.572 [main] INFO  cz.ivantichy.supersimple.restapi.config.ScriptConfigReader - Parsing line POST /blocksubvpn JSON /etc/openvpn/{path}/cmds/blocksubvpn.sh subvpn_name:safe_string subvpn_type:safe_string ip_range:ip_address
19:06:13.574 [main] DEBUG cz.ivantichy.supersimple.restapi.config.ScriptConfigReader - Parameter subvpn_name:safe_string
19:06:13.575 [main] DEBUG cz.ivantichy.supersimple.restapi.config.ScriptConfigReader - Parameter to put subvpn_name safe_string
19:06:13.579 [main] DEBUG cz.ivantichy.supersimple.restapi.config.ScriptConfigReader - Parameter subvpn_type:safe_string
19:06:13.579 [main] DEBUG cz.ivantichy.supersimple.restapi.config.ScriptConfigReader - Parameter to put subvpn_type safe_string
19:06:13.579 [main] DEBUG cz.ivantichy.supersimple.restapi.config.ScriptConfigReader - Parameter ip_range:ip_address
19:06:13.579 [main] DEBUG cz.ivantichy.supersimple.restapi.config.ScriptConfigReader - Parameter to put ip_range ip_address
19:06:13.581 [main] DEBUG cz.ivantichy.supersimple.restapi.config.ScriptConfigReader - Parsed config element ConfigElement [type=POST, url=/blocksubvpn, output=JSON, script=/etc/openvpn/{path}/cmds/blocksubvpn.sh, aruments={subvpn_name=safe_string, subvpn_type=safe_string, ip_range=ip_address}]
19:06:13.581 [main] INFO  cz.ivantichy.supersimple.restapi.config.ScriptConfigReader - Registering POST handler /blocksubvpn
19:06:13.581 [main] INFO  cz.ivantichy.supersimple.restapi.config.VPNAPIConfigReader - Creating VPN API Executor Handler
19:06:13.581 [main] DEBUG cz.ivantichy.supersimple.restapi.server.RequestParser - parseURL /blocksubvpn
19:06:13.581 [main] INFO  cz.ivantichy.supersimple.restapi.server.Server - Registering POST: /blocksubvpn
19:06:13.582 [main] DEBUG cz.ivantichy.supersimple.restapi.config.ScriptConfigReader - Config line DELETE /deletesubvpn JSON /etc/openvpn/{path}/cmds/deletesubvpn.sh subvpn_name:safe_string subvpn_type:safe_string ip_range:ip_address
19:06:13.586 [main] INFO  cz.ivantichy.supersimple.restapi.config.ScriptConfigReader - Parsing line DELETE /deletesubvpn JSON /etc/openvpn/{path}/cmds/deletesubvpn.sh subvpn_name:safe_string subvpn_type:safe_string ip_range:ip_address
19:06:13.587 [main] DEBUG cz.ivantichy.supersimple.restapi.config.ScriptConfigReader - Parameter subvpn_name:safe_string
19:06:13.590 [main] DEBUG cz.ivantichy.supersimple.restapi.config.ScriptConfigReader - Parameter to put subvpn_name safe_string
19:06:13.591 [main] DEBUG cz.ivantichy.supersimple.restapi.config.ScriptConfigReader - Parameter subvpn_type:safe_string
19:06:13.591 [main] DEBUG cz.ivantichy.supersimple.restapi.config.ScriptConfigReader - Parameter to put subvpn_type safe_string
19:06:13.591 [main] DEBUG cz.ivantichy.supersimple.restapi.config.ScriptConfigReader - Parameter ip_range:ip_address
19:06:13.591 [main] DEBUG cz.ivantichy.supersimple.restapi.config.ScriptConfigReader - Parameter to put ip_range ip_address
19:06:13.591 [main] DEBUG cz.ivantichy.supersimple.restapi.config.ScriptConfigReader - Parsed config element ConfigElement [type=DELETE, url=/deletesubvpn, output=JSON, script=/etc/openvpn/{path}/cmds/deletesubvpn.sh, aruments={subvpn_name=safe_string, subvpn_type=safe_string, ip_range=ip_address}]
19:06:13.592 [main] INFO  cz.ivantichy.supersimple.restapi.config.ScriptConfigReader - Registering DELETE handler /deletesubvpn
19:06:13.592 [main] INFO  cz.ivantichy.supersimple.restapi.config.VPNAPIConfigReader - Creating VPN API Executor Handler
19:06:13.592 [main] DEBUG cz.ivantichy.supersimple.restapi.server.RequestParser - parseURL /deletesubvpn
19:06:13.594 [main] INFO  cz.ivantichy.supersimple.restapi.server.Server - Registering DELETE: /deletesubvpn
19:06:13.604 [main] DEBUG cz.ivantichy.supersimple.restapi.server.Server - Going to listen on port 9082
